Hmm...  Looks like a new-style context diff to me...
The text leading up to this was:
--------------------------
|*** regexp.c.329	Mon May 27 16:22:26 1996
|--- regexp.c	Mon May 27 16:22:40 1996
--------------------------
Patching file regexp.c using Plan A...
Hunk #1 succeeded at 42.
Hmm...  The next patch looks like a new-style context diff to me...
The text leading up to this was:
--------------------------
|*** term.c.329	Wed May 22 22:59:36 1996
|--- term.c	Mon May 27 02:28:35 1996
--------------------------
Patching file term.c using Plan A...
Hunk #1 succeeded at 1526.
Hunk #2 succeeded at 1577.
Hunk #3 succeeded at 1598.
Hunk #4 succeeded at 1917.
Hmm...  The next patch looks like a new-style context diff to me...
The text leading up to this was:
--------------------------
|*** amiga.h.329	Wed May 22 01:39:46 1996
|--- amiga.h	Sun May 26 22:43:55 1996
--------------------------
Patching file amiga.h using Plan A...
Hunk #1 succeeded at 13.
Hmm...  The next patch looks like a new-style context diff to me...
The text leading up to this was:
--------------------------
|*** regsub.c.329	Wed May 22 01:39:12 1996
|--- regsub.c	Mon May 27 16:22:56 1996
--------------------------
Patching file regsub.c using Plan A...
Hunk #1 succeeded at 37.
Hmm...  The next patch looks like a new-style context diff to me...
The text leading up to this was:
--------------------------
|*** vim.h.329	Thu May 23 12:37:38 1996
|--- vim.h	Mon May 27 01:20:15 1996
--------------------------
Patching file vim.h using Plan A...
Hunk #1 succeeded at 49.
Hunk #2 succeeded at 406.
Hmm...  The next patch looks like a new-style context diff to me...
The text leading up to this was:
--------------------------
|*** memfile.c.329	Wed May 22 22:48:26 1996
|--- memfile.c	Mon May 27 16:37:59 1996
--------------------------
Patching file memfile.c using Plan A...
Hunk #1 succeeded at 554.
Hunk #2 succeeded at 567.
Hmm...  The next patch looks like a new-style context diff to me...
The text leading up to this was:
--------------------------
|*** termlib.c.329	Wed May 22 23:00:38 1996
|--- termlib.c	Mon May 27 16:40:54 1996
--------------------------
Patching file termlib.c using Plan A...
Hunk #1 succeeded at 5.
Hunk #2 succeeded at 79.
Hunk #3 succeeded at 120.
Hunk #4 succeeded at 129.
Hunk #5 succeeded at 151.
Hunk #6 succeeded at 583.
done
